[08:40:38] [main/INFO]: Environment: authHost='https://authserver.mojang.com', accountsHost='https://api.mojang.com', sessionHost='https://sessionserver.mojang.com', servicesHost='https://api.minecraftservices.com', name='PROD'
[08:40:40] [main/INFO]: Reloading ResourceManager: Default, bukkit
[08:40:41] [Worker-Main-11/INFO]: Loaded 7 recipes
[08:40:44] [Server thread/INFO]: Starting minecraft server version 1.16.5
[08:40:44] [Server thread/INFO]: Loading properties
[08:40:44] [Server thread/INFO]: This server is running CraftBukkit version 3094-Spigot-9fb885e-fae895a (MC: 1.16.5) (Implementing API version 1.16.5-R0.1-SNAPSHOT)
[08:40:45] [Server thread/INFO]: Debug logging is disabled
[08:40:45] [Server thread/INFO]: Server Ping Player Sample Count: 12
[08:40:45] [Server thread/INFO]: Using 4 threads for Netty based IO
[08:40:45] [Server thread/INFO]: Default game type: SURVIVAL
[08:40:45] [Server thread/INFO]: Generating keypair
[08:40:46] [Server thread/INFO]: Starting Minecraft server on *:25568
[08:40:46] [Server thread/INFO]: Using default channel type
[08:40:51] [Server thread/WARN]: **** SERVER IS RUNNING IN OFFLINE/INSECURE MODE!
[08:40:51] [Server thread/WARN]: The server will make no attempt to authenticate usernames. Beware.
[08:40:51] [Server thread/WARN]: Whilst this makes it possible to use BungeeCord, unless access to your server is properly restricted, it also opens up the ability for hackers to connect with any username they choose.
[08:40:51] [Server thread/WARN]: Please see http://www.spigotmc.org/wiki/firewall-guide/ for further information.
[08:40:51] [Server thread/WARN]: To change this, set "online-mode" to "true" in the server.properties file.
[08:40:51] [Server thread/INFO]: Preparing level "world"
[08:40:51] [Server thread/INFO]: -------- World Settings For [world] --------
[08:40:51] [Server thread/INFO]: Entity Tracking Range: Pl 48 / An 48 / Mo 48 / Mi 32 / Other 64
[08:40:51] [Server thread/INFO]: Allow Zombie Pigmen to spawn from portal blocks: true
[08:40:51] [Server thread/INFO]: Item Merge Radius: 2.5
[08:40:51] [Server thread/INFO]: Item Despawn Rate: 6000
[08:40:51] [Server thread/INFO]: View Distance: 10
[08:40:51] [Server thread/INFO]: Arrow Despawn Rate: 1200 Trident Respawn Rate:1200
[08:40:51] [Server thread/INFO]: Nerfing mobs spawned from spawners: false
[08:40:51] [Server thread/INFO]: Cactus Growth Modifier: 100%
[08:40:51] [Server thread/INFO]: Cane Growth Modifier: 100%
[08:40:51] [Server thread/INFO]: Melon Growth Modifier: 100%
[08:40:51] [Server thread/INFO]: Mushroom Growth Modifier: 100%
[08:40:51] [Server thread/INFO]: Pumpkin Growth Modifier: 100%
[08:40:51] [Server thread/INFO]: Sapling Growth Modifier: 100%
[08:40:51] [Server thread/INFO]: Beetroot Growth Modifier: 100%
[08:40:51] [Server thread/INFO]: Carrot Growth Modifier: 100%
[08:40:51] [Server thread/INFO]: Potato Growth Modifier: 100%
[08:40:51] [Server thread/INFO]: Wheat Growth Modifier: 100%
[08:40:51] [Server thread/INFO]: NetherWart Growth Modifier: 100%
[08:40:51] [Server thread/INFO]: Vine Growth Modifier: 100%
[08:40:51] [Server thread/INFO]: Cocoa Growth Modifier: 100%
[08:40:51] [Server thread/INFO]: Bamboo Growth Modifier: 100%
[08:40:51] [Server thread/INFO]: SweetBerry Growth Modifier: 100%
[08:40:51] [Server thread/INFO]: Kelp Growth Modifier: 100%
[08:40:51] [Server thread/INFO]: Entity Activation Range: An 32 / Mo 32 / Ra 48 / Mi 16 / Tiv true
[08:40:51] [Server thread/INFO]: Hopper Transfer: 8 Hopper Check: 1 Hopper Amount: 1
[08:40:51] [Server thread/INFO]: Experience Merge Radius: 3.0
[08:40:51] [Server thread/INFO]: Mob Spawn Range: 6
[08:40:51] [Server thread/INFO]: Tile Max Tick Time: 50ms Entity max Tick Time: 50ms
[08:40:51] [Server thread/INFO]: Max TNT Explosions: 100
[08:40:51] [Server thread/INFO]: Custom Map Seeds:  Village: 10387312 Desert: 14357617 Igloo: 14357618 Jungle: 14357619 Swamp: 14357620 Monument: 10387313 Ocean: 14357621 Shipwreck: 165745295 End City: 10387313 Slime: 987234911 Bastion: 30084232 Fortress: 30084232 Mansion: 10387319 Fossil: 14357921 Portal: 34222645
[08:40:51] [Server thread/INFO]: Zombie Aggressive Towards Villager: true
[08:40:52] [Server thread/INFO]: -------- World Settings For [world_nether] --------
[08:40:52] [Server thread/INFO]: Entity Tracking Range: Pl 48 / An 48 / Mo 48 / Mi 32 / Other 64
[08:40:52] [Server thread/INFO]: Allow Zombie Pigmen to spawn from portal blocks: true
[08:40:52] [Server thread/INFO]: Item Merge Radius: 2.5
[08:40:52] [Server thread/INFO]: Item Despawn Rate: 6000
[08:40:52] [Server thread/INFO]: View Distance: 10
[08:40:52] [Server thread/INFO]: Arrow Despawn Rate: 1200 Trident Respawn Rate:1200
[08:40:52] [Server thread/INFO]: Nerfing mobs spawned from spawners: false
[08:40:52] [Server thread/INFO]: Cactus Growth Modifier: 100%
[08:40:52] [Server thread/INFO]: Cane Growth Modifier: 100%
[08:40:52] [Server thread/INFO]: Melon Growth Modifier: 100%
[08:40:52] [Server thread/INFO]: Mushroom Growth Modifier: 100%
[08:40:52] [Server thread/INFO]: Pumpkin Growth Modifier: 100%
[08:40:52] [Server thread/INFO]: Sapling Growth Modifier: 100%
[08:40:52] [Server thread/INFO]: Beetroot Growth Modifier: 100%
[08:40:52] [Server thread/INFO]: Carrot Growth Modifier: 100%
[08:40:52] [Server thread/INFO]: Potato Growth Modifier: 100%
[08:40:52] [Server thread/INFO]: Wheat Growth Modifier: 100%
[08:40:52] [Server thread/INFO]: NetherWart Growth Modifier: 100%
[08:40:52] [Server thread/INFO]: Vine Growth Modifier: 100%
[08:40:52] [Server thread/INFO]: Cocoa Growth Modifier: 100%
[08:40:52] [Server thread/INFO]: Bamboo Growth Modifier: 100%
[08:40:52] [Server thread/INFO]: SweetBerry Growth Modifier: 100%
[08:40:52] [Server thread/INFO]: Kelp Growth Modifier: 100%
[08:40:52] [Server thread/INFO]: Entity Activation Range: An 32 / Mo 32 / Ra 48 / Mi 16 / Tiv true
[08:40:52] [Server thread/INFO]: Hopper Transfer: 8 Hopper Check: 1 Hopper Amount: 1
[08:40:52] [Server thread/INFO]: Experience Merge Radius: 3.0
[08:40:52] [Server thread/INFO]: Mob Spawn Range: 6
[08:40:52] [Server thread/INFO]: Tile Max Tick Time: 50ms Entity max Tick Time: 50ms
[08:40:52] [Server thread/INFO]: Max TNT Explosions: 100
[08:40:52] [Server thread/INFO]: Custom Map Seeds:  Village: 10387312 Desert: 14357617 Igloo: 14357618 Jungle: 14357619 Swamp: 14357620 Monument: 10387313 Ocean: 14357621 Shipwreck: 165745295 End City: 10387313 Slime: 987234911 Bastion: 30084232 Fortress: 30084232 Mansion: 10387319 Fossil: 14357921 Portal: 34222645
[08:40:52] [Server thread/INFO]: Zombie Aggressive Towards Villager: true
[08:40:52] [Server thread/INFO]: -------- World Settings For [world_the_end] --------
[08:40:52] [Server thread/INFO]: Entity Tracking Range: Pl 48 / An 48 / Mo 48 / Mi 32 / Other 64
[08:40:52] [Server thread/INFO]: Allow Zombie Pigmen to spawn from portal blocks: true
[08:40:52] [Server thread/INFO]: Item Merge Radius: 2.5
[08:40:52] [Server thread/INFO]: Item Despawn Rate: 6000
[08:40:52] [Server thread/INFO]: View Distance: 10
[08:40:52] [Server thread/INFO]: Arrow Despawn Rate: 1200 Trident Respawn Rate:1200
[08:40:52] [Server thread/INFO]: Nerfing mobs spawned from spawners: false
[08:40:52] [Server thread/INFO]: Cactus Growth Modifier: 100%
[08:40:52] [Server thread/INFO]: Cane Growth Modifier: 100%
[08:40:52] [Server thread/INFO]: Melon Growth Modifier: 100%
[08:40:52] [Server thread/INFO]: Mushroom Growth Modifier: 100%
[08:40:52] [Server thread/INFO]: Pumpkin Growth Modifier: 100%
[08:40:52] [Server thread/INFO]: Sapling Growth Modifier: 100%
[08:40:52] [Server thread/INFO]: Beetroot Growth Modifier: 100%
[08:40:52] [Server thread/INFO]: Carrot Growth Modifier: 100%
[08:40:52] [Server thread/INFO]: Potato Growth Modifier: 100%
[08:40:52] [Server thread/INFO]: Wheat Growth Modifier: 100%
[08:40:52] [Server thread/INFO]: NetherWart Growth Modifier: 100%
[08:40:52] [Server thread/INFO]: Vine Growth Modifier: 100%
[08:40:52] [Server thread/INFO]: Cocoa Growth Modifier: 100%
[08:40:52] [Server thread/INFO]: Bamboo Growth Modifier: 100%
[08:40:52] [Server thread/INFO]: SweetBerry Growth Modifier: 100%
[08:40:52] [Server thread/INFO]: Kelp Growth Modifier: 100%
[08:40:52] [Server thread/INFO]: Entity Activation Range: An 32 / Mo 32 / Ra 48 / Mi 16 / Tiv true
[08:40:52] [Server thread/INFO]: Hopper Transfer: 8 Hopper Check: 1 Hopper Amount: 1
[08:40:52] [Server thread/INFO]: Experience Merge Radius: 3.0
[08:40:52] [Server thread/INFO]: Mob Spawn Range: 6
[08:40:52] [Server thread/INFO]: Tile Max Tick Time: 50ms Entity max Tick Time: 50ms
[08:40:52] [Server thread/INFO]: Max TNT Explosions: 100
[08:40:52] [Server thread/INFO]: Custom Map Seeds:  Village: 10387312 Desert: 14357617 Igloo: 14357618 Jungle: 14357619 Swamp: 14357620 Monument: 10387313 Ocean: 14357621 Shipwreck: 165745295 End City: 10387313 Slime: 987234911 Bastion: 30084232 Fortress: 30084232 Mansion: 10387319 Fossil: 14357921 Portal: 34222645
[08:40:52] [Server thread/INFO]: Zombie Aggressive Towards Villager: true
[08:40:53] [Server thread/INFO]: Preparing start region for dimension minecraft:overworld
[08:40:57] [Server thread/INFO]: Preparing spawn area: 0%
[08:40:57] [Server thread/INFO]: Preparing spawn area: 0%
[08:40:57] [Server thread/INFO]: Preparing spawn area: 0%
[08:40:57] [Server thread/INFO]: Preparing spawn area: 0%
[08:40:57] [Server thread/INFO]: Preparing spawn area: 0%
[08:40:57] [Server thread/INFO]: Preparing spawn area: 0%
[08:40:57] [Server thread/INFO]: Preparing spawn area: 0%
[08:40:57] [Server thread/INFO]: Preparing spawn area: 0%
[08:40:57] [Server thread/INFO]: Preparing spawn area: 0%
[08:40:57] [Server thread/INFO]: Preparing spawn area: 0%
[08:40:58] [Server thread/INFO]: Preparing spawn area: 0%
[08:40:59] [Server thread/INFO]: Preparing spawn area: 83%
[08:40:59] [Server thread/INFO]: Preparing spawn area: 83%
[08:40:59] [Server thread/INFO]: Preparing spawn area: 83%
[08:41:03] [Worker-Main-14/INFO]: Preparing spawn area: 83%
[08:41:03] [Worker-Main-14/INFO]: Preparing spawn area: 83%
[08:41:03] [Worker-Main-8/INFO]: Preparing spawn area: 83%
[08:41:03] [Worker-Main-8/INFO]: Preparing spawn area: 83%
[08:41:03] [Worker-Main-8/INFO]: Preparing spawn area: 83%
[08:41:03] [Worker-Main-8/INFO]: Preparing spawn area: 83%
[08:41:03] [Worker-Main-8/INFO]: Preparing spawn area: 83%
[08:41:03] [Worker-Main-8/INFO]: Preparing spawn area: 83%
[08:41:04] [Worker-Main-9/INFO]: Preparing spawn area: 83%
[08:41:04] [Worker-Main-15/INFO]: Preparing spawn area: 91%
[08:41:05] [Worker-Main-12/INFO]: Preparing spawn area: 91%
[08:41:05] [Worker-Main-9/INFO]: Preparing spawn area: 91%
[08:41:06] [Worker-Main-15/INFO]: Preparing spawn area: 91%
[08:41:06] [Server thread/INFO]: Preparing spawn area: 91%
[08:41:07] [Worker-Main-9/INFO]: Preparing spawn area: 92%
[08:41:07] [Server thread/INFO]: Time elapsed: 14491 ms
[08:41:07] [Server thread/INFO]: Preparing start region for dimension minecraft:the_nether
[08:41:09] [Server thread/INFO]: Preparing spawn area: 0%
[08:41:09] [Server thread/INFO]: Preparing spawn area: 0%
[08:41:09] [Server thread/INFO]: Preparing spawn area: 0%
[08:41:09] [Server thread/INFO]: Preparing spawn area: 0%
[08:41:09] [Server thread/INFO]: Preparing spawn area: 0%
[08:41:10] [Server thread/INFO]: Preparing spawn area: 22%
[08:41:10] [Worker-Main-8/INFO]: Preparing spawn area: 83%
[08:41:11] [Worker-Main-16/INFO]: Preparing spawn area: 83%
[08:41:11] [Worker-Main-13/INFO]: Preparing spawn area: 83%
[08:41:12] [Worker-Main-13/INFO]: Preparing spawn area: 83%
[08:41:12] [Worker-Main-14/INFO]: Preparing spawn area: 83%
[08:41:13] [Worker-Main-15/INFO]: Preparing spawn area: 84%
[08:41:13] [Worker-Main-12/INFO]: Preparing spawn area: 89%
[08:41:14] [Worker-Main-12/INFO]: Preparing spawn area: 92%
[08:41:14] [Server thread/INFO]: Preparing spawn area: 94%
[08:41:14] [Server thread/INFO]: Time elapsed: 7261 ms
[08:41:14] [Server thread/INFO]: Preparing start region for dimension minecraft:the_end
[08:41:15] [Server thread/INFO]: Preparing spawn area: 0%
[08:41:15] [Server thread/INFO]: Preparing spawn area: 0%
[08:41:15] [Worker-Main-15/INFO]: Preparing spawn area: 86%
[08:41:16] [Server thread/INFO]: Time elapsed: 1186 ms
[08:41:16] [Server thread/INFO]: Server permissions file permissions.yml is empty, ignoring it
[08:41:16] [Server thread/INFO]: Done (24.907s)! For help, type "help"
[08:47:48] [Server thread/INFO]: Stopping the server
[08:47:48] [Server thread/INFO]: Stopping server
[08:47:48] [Server thread/INFO]: Saving players
[08:47:48] [Server thread/INFO]: Saving worlds
[08:47:48] [Server thread/INFO]: Saving chunks for level 'ServerLevel[world]'/minecraft:overworld
[08:47:48] [Server thread/INFO]: ThreadedAnvilChunkStorage (world): All chunks are saved
[08:47:48] [Server thread/INFO]: Saving chunks for level 'ServerLevel[world_nether]'/minecraft:the_nether
[08:47:48] [Server thread/INFO]: ThreadedAnvilChunkStorage (DIM-1): All chunks are saved
[08:47:48] [Server thread/INFO]: Saving chunks for level 'ServerLevel[world_the_end]'/minecraft:the_end
[08:47:48] [Server thread/INFO]: ThreadedAnvilChunkStorage (DIM1): All chunks are saved
[08:47:48] [Server thread/INFO]: ThreadedAnvilChunkStorage (world): All chunks are saved
[08:47:48] [Server thread/INFO]: ThreadedAnvilChunkStorage (DIM-1): All chunks are saved
[08:47:48] [Server thread/INFO]: ThreadedAnvilChunkStorage (DIM1): All chunks are saved
